文件：timer.c      编译器版本 HGASM 0202 页次1


   1  0000              ; Generated by holtek-gcc v3.18, Thu Aug 02 09:03:52 2018
   2  0000              ; 
   3  0000              ; Configuration:
   4  0000              ;       without long instruction
   5  0000              ;       Single ROM, Multi-RAM
   6  0000              ;       bits_per_rom_unit:16
   7  0000              ;       with mp1
   8  0000              ;       with tbhp, address(0x9)
   9  0000              ;          Use tabrd-const
  10  0000              ;       
  11  0000              ;       
  12  0000              ;       
  13  0000              ; use 'tabrdc' instead of 'tabrd'
  14  0000              ;       
  15  0000              
  16  0000              #pragma translator "holtek-gcc 4.6.4" "3.18" "build 20130711"
  17  0000              ; Rebuild 126
  18  0000              
  19  0000              ir equ [2]
  20  0000              mp equ [3]
  21  0000              sbp equ [1]
  22  0000              acc equ [5]
  23  0000              bp equ [4]
  24  0000              tblp equ [7]
  25  0000              tbhp equ [9]
  26  0000              status equ [10]
  27  0000              c equ [10].0
  28  0000              ac equ [10].1
  29  0000              z equ [10].2
  30  0000              ov equ [10].3
  31  0000              intc equ [11]
  32  0000              
  33  0000              extern ra:byte
  34  0000              extern rb:byte
  35  0000              extern rc:byte
  36  0000              extern rd:byte
  37  0000              extern re:byte
  38  0000              extern rf:byte
  39  0000              extern rg:byte
  40  0000              extern rh:byte
  41  0000              extern _Crom2Prom:near
  42  0000              extern _Crom2PromNext:near
  43  0000              
  44  0000              RAMBANK 0 @HCCINIT, @HCCINIT0
  45  0000              
  46  0000              RAMBANK 0 @BITDATASEC, @BITDATASEC1
  47  0000              @HCCINIT	.section 'data'
  48  0000              @HCCINIT0	.section 'data'
  49  0000              @BITDATASEC	 .section 'data'
  50  0000              @BITDATASEC1	 .section 'data'
  51  0000              
  52  0000              #pragma debug scope 1 1
  53  0000              	extern __DELAY3:near
  54  0000              	extern __DELAYX3:near
  55  0000              	extern __DELAYX6:near
  56  0000              	extern __DELAYY5:near
  57  0000              	extern __DELAYY3:near
  58  0000              	extern _builtin_holtek_delay_2:byte
  59  0000              ___tmpc equ [48]
文件：timer.ASM    编译器版本 HGASM 0202 页次2

  60  0000              ___ctm0c0 equ [97]
  61  0000              ___ctm0c1 equ [98]
  62  0000              ___ctm0al equ [101]
  63  0000              ___ctm0ah equ [102]
  64  0000              ___intc1 equ [15]
  65  0000              ___intc0 equ [14]
  66  0000              public _TimerInit
  67  0000              #pragma debug scope 2 1

   6  0000              #line 6 "F:\SVNRepo\Project\BS82D20A_AOPU_5KEY\USER_PROGRAM\timer.c"
   6  0000              _TimerInit .section 'code'
   6  0000              _TimerInit proc
  58  0000              #line 58 "F:\SVNRepo\Project\BS82D20A_AOPU_5KEY\USER_PROGRAM\timer.c"
  58  0000  1F30        	clr [48]
  60  0001              #line 60 "F:\SVNRepo\Project\BS82D20A_AOPU_5KEY\USER_PROGRAM\timer.c"
  60  0001  0F30        	mov a,48
  60  0002  00E1        	mov [97],a
  62  0003              #line 62 "F:\SVNRepo\Project\BS82D20A_AOPU_5KEY\USER_PROGRAM\timer.c"
  62  0003  0FC0        	mov a,192
  62  0004  00E2        	mov [98],a
  64  0005              #line 64 "F:\SVNRepo\Project\BS82D20A_AOPU_5KEY\USER_PROGRAM\timer.c"
  64  0005  0F71        	mov a,113
  64  0006  00E5        	mov [101],a
  65  0007              #line 65 "F:\SVNRepo\Project\BS82D20A_AOPU_5KEY\USER_PROGRAM\timer.c"
  65  0007  0F02        	mov a,2
  65  0008  00E6        	mov [102],a
  67  0009              #line 67 "F:\SVNRepo\Project\BS82D20A_AOPU_5KEY\USER_PROGRAM\timer.c"
  67  0009  3062        	set [98].0
  69  000A              #line 69 "F:\SVNRepo\Project\BS82D20A_AOPU_5KEY\USER_PROGRAM\timer.c"
  69  000A  308F        	set [15].1
  70  000B              #line 70 "F:\SVNRepo\Project\BS82D20A_AOPU_5KEY\USER_PROGRAM\timer.c"
  70  000B  300E        	set [14].0
  72  000C              #line 72 "F:\SVNRepo\Project\BS82D20A_AOPU_5KEY\USER_PROGRAM\timer.c"
  72  000C  30E2        	set [98].1
  74  000D              #line 74 "F:\SVNRepo\Project\BS82D20A_AOPU_5KEY\USER_PROGRAM\timer.c"
  74  000D  37E1        	clr [97].7
  75  000E              #line 75 "F:\SVNRepo\Project\BS82D20A_AOPU_5KEY\USER_PROGRAM\timer.c"
  75  000E  31E1        	set [97].3
  75  000F  0003        	ret
  75  0010              _TimerInit endp
  75  0010              #line 75 "F:\SVNRepo\Project\BS82D20A_AOPU_5KEY\USER_PROGRAM\timer.c"
  75  0010              #pragma debug scope 1 1
  75  0010              ___ptm0c0 equ [103]
  75  0010              ___ptm0c1 equ [104]
  75  0010              ___ptm0al equ [107]
  75  0010              ___ptm0ah equ [108]
  75  0010              public _PTM0AInit
  75  0010              #pragma debug scope 3 1
  81  0010              #line 81 "F:\SVNRepo\Project\BS82D20A_AOPU_5KEY\USER_PROGRAM\timer.c"
  81  0000              _PTM0AInit .section 'code'
  81  0000              _PTM0AInit proc
  97  0000              #line 97 "F:\SVNRepo\Project\BS82D20A_AOPU_5KEY\USER_PROGRAM\timer.c"
  97  0000  0F08        	mov a,8
  97  0001  00B0        	mov [48],a
  99  0002              #line 99 "F:\SVNRepo\Project\BS82D20A_AOPU_5KEY\USER_PROGRAM\timer.c"
  99  0002  1F67        	clr [103]
 101  0003              #line 101 "F:\SVNRepo\Project\BS82D20A_AOPU_5KEY\USER_PROGRAM\timer.c"
 101  0003  0F30        	mov a,48
 101  0004  00E8        	mov [104],a
 103  0005              #line 103 "F:\SVNRepo\Project\BS82D20A_AOPU_5KEY\USER_PROGRAM\timer.c"
文件：timer.c      编译器版本 HGASM 0202 页次3

 103  0005  0FF4        	mov a,244
 103  0006  00EB        	mov [107],a
 104  0007              #line 104 "F:\SVNRepo\Project\BS82D20A_AOPU_5KEY\USER_PROGRAM\timer.c"
 104  0007  0F01        	mov a,1
 104  0008  00EC        	mov [108],a
 106  0009              #line 106 "F:\SVNRepo\Project\BS82D20A_AOPU_5KEY\USER_PROGRAM\timer.c"
 106  0009  3068        	set [104].0
 107  000A              #line 107 "F:\SVNRepo\Project\BS82D20A_AOPU_5KEY\USER_PROGRAM\timer.c"
 107  000A  3168        	set [104].2
 110  000B              #line 110 "F:\SVNRepo\Project\BS82D20A_AOPU_5KEY\USER_PROGRAM\timer.c"
 110  000B  37E7        	clr [103].7
 111  000C              #line 111 "F:\SVNRepo\Project\BS82D20A_AOPU_5KEY\USER_PROGRAM\timer.c"
 111  000C  35E7        	clr [103].3
 111  000D  0003        	ret
 111  000E              _PTM0AInit endp
 111  000E              #line 111 "F:\SVNRepo\Project\BS82D20A_AOPU_5KEY\USER_PROGRAM\timer.c"
 111  000E              #pragma debug scope 1 1
 111  000E              public _PTM0A_Start
 111  000E              #pragma debug scope 4 1
 115  000E              #line 115 "F:\SVNRepo\Project\BS82D20A_AOPU_5KEY\USER_PROGRAM\timer.c"
 115  0000              _PTM0A_Start .section 'code'
 115  0000              _PTM0A_Start proc
 116  0000              #line 116 "F:\SVNRepo\Project\BS82D20A_AOPU_5KEY\USER_PROGRAM\timer.c"
 116  0000  31E7        	set [103].3
 116  0001  0003        	ret
 116  0002              _PTM0A_Start endp
 116  0002              #line 116 "F:\SVNRepo\Project\BS82D20A_AOPU_5KEY\USER_PROGRAM\timer.c"
 116  0002              #pragma debug scope 1 1
 116  0002              public _PTM0A_Stop
 116  0002              #pragma debug scope 5 1
 120  0002              #line 120 "F:\SVNRepo\Project\BS82D20A_AOPU_5KEY\USER_PROGRAM\timer.c"
 120  0000              _PTM0A_Stop .section 'code'
 120  0000              _PTM0A_Stop proc
 121  0000              #line 121 "F:\SVNRepo\Project\BS82D20A_AOPU_5KEY\USER_PROGRAM\timer.c"
 121  0000  35E7        	clr [103].3
 121  0001  0003        	ret
 121  0002              _PTM0A_Stop endp
 121  0002              #line 121 "F:\SVNRepo\Project\BS82D20A_AOPU_5KEY\USER_PROGRAM\timer.c"
 121  0002              #pragma debug scope 1 1
 121  0002              public _APP_TIMER_Expired
 121  0002              #pragma debug scope 6 1
 125  0002              #line 125 "F:\SVNRepo\Project\BS82D20A_AOPU_5KEY\USER_PROGRAM\timer.c"
 125  0000              _APP_TIMER_Expired .section 'code'
 125  0000              _APP_TIMER_Expired proc
 125  0000              public _APP_TIMER_Expired_2
 125  0000  0004[           local _APP_TIMER_Expired_2 db 4 dup(?)	; 4,0
            00
            ]
 125  0004              #pragma debug variable 10 6 _APP_TIMER_Expired_2+0 "timer"
 125  0004              #pragma debug variable 10 6 _APP_TIMER_Expired_2+2 "seconds"
 126  0004              #line 126 "F:\SVNRepo\Project\BS82D20A_AOPU_5KEY\USER_PROGRAM\timer.c"
 126  0000  0700     E  	mov a,_AppData[6]
 126  0001  0200     R  	sub a,_APP_TIMER_Expired_2[0]
 126  0002  0080     E  	mov rd,a
 126  0003  0700     E  	mov a,_AppData[7]
 126  0004  1200     R  	sbc a,_APP_TIMER_Expired_2[1]
 126  0005  0080     E  	mov re,a
 126  0006  0F01        	mov a,1
 126  0007  0080     E  	mov ra,a
 126  0008  0700     R  	mov a,_APP_TIMER_Expired_2[2]
文件：timer.c      编译器版本 HGASM 0202 页次4

 126  0009  0200     E  	sub a,rd
 126  000A  0700     R  	mov a,_APP_TIMER_Expired_2[3]
 126  000B  1200     E  	sbc a,re
 126  000C  380A        	snz c
 126  000D  2800     R  	jmp _L6
 126  000E              #line 126 "F:\SVNRepo\Project\BS82D20A_AOPU_5KEY\USER_PROGRAM\timer.c"
 126  000E  1F00     E  	clr ra
 126  000F              _L6:
 135  000F              #line 135 "F:\SVNRepo\Project\BS82D20A_AOPU_5KEY\USER_PROGRAM\timer.c"
 135  000F  0700     E  	mov a,ra
 135  0010  0003        	ret
 135  0011              _APP_TIMER_Expired endp
 135  0011              #line 135 "F:\SVNRepo\Project\BS82D20A_AOPU_5KEY\USER_PROGRAM\timer.c"
 135  0011              #pragma debug scope 1 1
 135  0011              public _APP_TIMER_Set
 135  0011              #pragma debug scope 7 1
 138  0011              #line 138 "F:\SVNRepo\Project\BS82D20A_AOPU_5KEY\USER_PROGRAM\timer.c"
 138  0000              _APP_TIMER_Set .section 'code'
 138  0000              _APP_TIMER_Set proc
 138  0000              public _APP_TIMER_Set_2
 138  0000  0002[           local _APP_TIMER_Set_2 db 2 dup(?)	; 2,0
            00
            ]
 138  0002              #pragma debug pointer 42 10 7
 138  0002              #pragma debug pointer 42 10 7
 138  0002              #pragma debug variable 42 7 _APP_TIMER_Set_2+0 "timer"
 139  0002              #line 139 "F:\SVNRepo\Project\BS82D20A_AOPU_5KEY\USER_PROGRAM\timer.c"
 139  0000  0700     R  	mov a,_APP_TIMER_Set_2[0]
 139  0001  0083        	mov mp,a
 139  0002  0700     R  	mov a,_APP_TIMER_Set_2[1]
 139  0003  0081        	mov sbp,a
 139  0004  0701        	mov a,sbp
 139  0005  0084        	mov bp,a
 139  0006  0700     E  	mov a,_AppData[6]
 139  0007  0082        	mov ir,a
 139  0008  1483        	inc mp
 139  0009  0700     E  	mov a,_AppData[7]
 139  000A  0082        	mov ir,a
 139  000B  0003        	ret
 139  000C              _APP_TIMER_Set endp
 139  000C              #line 139 "F:\SVNRepo\Project\BS82D20A_AOPU_5KEY\USER_PROGRAM\timer.c"
 139  000C              #pragma debug scope 1 1
 139  000C              #pragma debug struct_end
 139  000C              #pragma debug struct_end
 139  000C              #pragma debug union_end
 139  000C              #pragma debug union_end
 139  000C              #pragma debug variable 44 1 ___intc0 "__intc0" 1
 139  000C              #pragma debug struct_end
 139  000C              #pragma debug struct_end
 139  000C              #pragma debug union_end
 139  000C              #pragma debug union_end
 139  000C              #pragma debug variable 46 1 ___intc1 "__intc1" 1
 139  000C              #pragma debug struct_end
 139  000C              #pragma debug struct_end
 139  000C              #pragma debug union_end
 139  000C              #pragma debug union_end
 139  000C              #pragma debug variable 48 1 ___tmpc "__tmpc" 1
 139  000C              #pragma debug struct_end
 139  000C              #pragma debug struct_end
 139  000C              #pragma debug union_end
文件：timer.c      编译器版本 HGASM 0202 页次5

 139  000C              #pragma debug union_end
 139  000C              #pragma debug variable 50 1 ___ctm0c0 "__ctm0c0" 1
 139  000C              #pragma debug struct_end
 139  000C              #pragma debug struct_end
 139  000C              #pragma debug union_end
 139  000C              #pragma debug union_end
 139  000C              #pragma debug variable 52 1 ___ctm0c1 "__ctm0c1" 1
 139  000C              #pragma debug variable 8 1 ___ctm0al "__ctm0al" 1
 139  000C              #pragma debug variable 8 1 ___ctm0ah "__ctm0ah" 1
 139  000C              #pragma debug struct_end
 139  000C              #pragma debug struct_end
 139  000C              #pragma debug union_end
 139  000C              #pragma debug union_end
 139  000C              #pragma debug variable 54 1 ___ptm0c0 "__ptm0c0" 1
 139  000C              #pragma debug struct_end
 139  000C              #pragma debug struct_end
 139  000C              #pragma debug union_end
 139  000C              #pragma debug union_end
 139  000C              #pragma debug variable 56 1 ___ptm0c1 "__ptm0c1" 1
 139  000C              #pragma debug variable 8 1 ___ptm0al "__ptm0al" 1
 139  000C              #pragma debug variable 8 1 ___ptm0ah "__ptm0ah" 1
 139  000C              
 139  000C              ; output external variables
 139  000C              extern _AppData:byte
 139  000C              
 139  000C              ; 
 139  000C              ; Generated by holtek-gcc v3.18, Thu Aug 02 09:03:52 2018
 139  000C              ; Rebuild 126
 139  000C              ; end of file


        0 Errors, 0