文件：uart.c       编译器版本 HGASM 0202 页次1


   1  0000              ; Generated by holtek-gcc v3.18, Thu Aug 02 09:03:52 2018
   2  0000              ; 
   3  0000              ; Configuration:
   4  0000              ;       without long instruction
   5  0000              ;       Single ROM, Multi-RAM
   6  0000              ;       bits_per_rom_unit:16
   7  0000              ;       with mp1
   8  0000              ;       with tbhp, address(0x9)
   9  0000              ;          Use tabrd-const
  10  0000              ;       
  11  0000              ;       
  12  0000              ;       
  13  0000              ; use 'tabrdc' instead of 'tabrd'
  14  0000              ;       
  15  0000              
  16  0000              #pragma translator "holtek-gcc 4.6.4" "3.18" "build 20130711"
  17  0000              ; Rebuild 126
  18  0000              
  19  0000              ir equ [2]
  20  0000              mp equ [3]
  21  0000              sbp equ [1]
  22  0000              acc equ [5]
  23  0000              bp equ [4]
  24  0000              tblp equ [7]
  25  0000              tbhp equ [9]
  26  0000              status equ [10]
  27  0000              c equ [10].0
  28  0000              ac equ [10].1
  29  0000              z equ [10].2
  30  0000              ov equ [10].3
  31  0000              intc equ [11]
  32  0000              
  33  0000              extern ra:byte
  34  0000              extern rb:byte
  35  0000              extern rc:byte
  36  0000              extern rd:byte
  37  0000              extern re:byte
  38  0000              extern rf:byte
  39  0000              extern rg:byte
  40  0000              extern rh:byte
  41  0000              extern _Crom2Prom:near
  42  0000              extern _Crom2PromNext:near
  43  0000              
  44  0000              RAMBANK 0 @HCCINIT, @HCCINIT0
  45  0000              
  46  0000              RAMBANK 0 @BITDATASEC, @BITDATASEC1
  47  0000              @HCCINIT	.section 'data'
  48  0000              @HCCINIT0	.section 'data'
  49  0000              @BITDATASEC	 .section 'data'
  50  0000              @BITDATASEC1	 .section 'data'
  51  0000              
  52  0000              #pragma debug scope 1 1
  53  0000              	extern __DELAY3:near
  54  0000              	extern __DELAYX3:near
  55  0000              	extern __DELAYX6:near
  56  0000              	extern __DELAYY5:near
  57  0000              	extern __DELAYY3:near
  58  0000              	extern _builtin_holtek_delay_2:byte
  59  0000              ___usr equ [40]
文件：uart.ASM     编译器版本 HGASM 0202 页次2

  60  0000              ___txr_rxr equ [44]
  61  0000              public _UART_SendByte
  62  0000              #pragma debug scope 2 1

 175  0000              #line 175 "F:\SVNRepo\Project\BS82D20A_AOPU_5KEY\USER_PROGRAM\uart.c"
 175  0000              _UART_SendByte .section 'code'
 175  0000              _UART_SendByte proc
 175  0000  00              local _UART_SendByte_2 db 1 dup(?)	; 0,1
 175  0000  0080     R  	mov _UART_SendByte_2[0],a
 175  0001              #pragma debug variable 8 2 _UART_SendByte_2+0 "byte"
 175  0001              _L3:
 176  0001              #line 176 "F:\SVNRepo\Project\BS82D20A_AOPU_5KEY\USER_PROGRAM\uart.c"
 176  0001  3828        	snz [40].0
 176  0002  2800     R  	jmp _L3
 177  0003              #line 177 "F:\SVNRepo\Project\BS82D20A_AOPU_5KEY\USER_PROGRAM\uart.c"
 177  0003  0700     R  	mov a,_UART_SendByte_2[0]
 177  0004  00AC        	mov [44],a
 177  0005  0003        	ret
 177  0006              _UART_SendByte endp
 177  0006              #line 177 "F:\SVNRepo\Project\BS82D20A_AOPU_5KEY\USER_PROGRAM\uart.c"
 177  0006              #pragma debug scope 1 1
 177  0006              public _DebugString
 177  0006              #pragma debug scope 3 1
 181  0006              #line 181 "F:\SVNRepo\Project\BS82D20A_AOPU_5KEY\USER_PROGRAM\uart.c"
 181  0000              _DebugString .section 'code'
 181  0000              _DebugString proc
 181  0000              public _DebugString_2
 181  0000  0002[           local _DebugString_2 db 2 dup(?)	; 2,0
            00
            ]
 181  0002              #pragma debug pointer 42 7 3
 181  0002              #pragma debug pointer 42 7 3
 181  0002              #pragma debug variable 42 3 _DebugString_2+0 "buf"
 182  0002              #line 182 "F:\SVNRepo\Project\BS82D20A_AOPU_5KEY\USER_PROGRAM\uart.c"
 182  0000  2800     R  	jmp _L6
 182  0001              _L7:
 184  0001              #line 184 "F:\SVNRepo\Project\BS82D20A_AOPU_5KEY\USER_PROGRAM\uart.c"
 184  0001  0700     E  	mov a,ra
 184  0002  2000     R  	call _UART_SendByte
 185  0003              #line 185 "F:\SVNRepo\Project\BS82D20A_AOPU_5KEY\USER_PROGRAM\uart.c"
 185  0003  1480     R  	inc _DebugString_2[0]
 185  0004  3D0A        	sz z
 185  0005  1480     R  	inc _DebugString_2[1]
 185  0006              _L6:
 182  0006              #line 182 "F:\SVNRepo\Project\BS82D20A_AOPU_5KEY\USER_PROGRAM\uart.c"
 182  0006  0700     R  	mov a,_DebugString_2[0]
 182  0007  0083        	mov mp,a
 182  0008  0700     R  	mov a,_DebugString_2[1]
 182  0009  0081        	mov sbp,a
 182  000A  2000     E  	call _Crom2Prom
 182  000B  0080     E  	mov ra,a
 182  000C  1080     E  	sz ra
 182  000D  2800     R  	jmp _L7
 182  000E  0003        	ret
 182  000F              _DebugString endp
 182  000F              #line 182 "F:\SVNRepo\Project\BS82D20A_AOPU_5KEY\USER_PROGRAM\uart.c"
 182  000F              #pragma debug scope 1 1
 182  000F              ___ucr2 equ [42]
 182  000F              ___brg equ [43]
 182  000F              ___ucr1 equ [41]
文件：uart.c       编译器版本 HGASM 0202 页次3

 182  0000              @crom	.section 'crom'
 182  0000              _LC0:
 182  0000              	db 0dh,0ah,0dh,0ah,0dh,0ah,048h,04fh,04ch,054h
 182  0005              	db 045h,04bh,020h,042h,053h,038h,032h,044h,032h,030h
 182  000A              	db 020h,055h,061h,072h,074h,020h,069h,06eh,069h,074h
 182  000F              	db 069h,061h,06ch,020h,064h,06fh,06eh,065h,021h,021h
 182  0014              	db 021h,0dh,0ah,00h
 182  0016              public _UartInitial
 182  0016              #pragma debug scope 4 1
 190  0016              #line 190 "F:\SVNRepo\Project\BS82D20A_AOPU_5KEY\USER_PROGRAM\uart.c"
 190  0000              _UartInitial .section 'code'
 190  0000              _UartInitial proc
 191  0000              #line 191 "F:\SVNRepo\Project\BS82D20A_AOPU_5KEY\USER_PROGRAM\uart.c"
 191  0000  36AA        	clr [42].5
 193  0001              #line 193 "F:\SVNRepo\Project\BS82D20A_AOPU_5KEY\USER_PROGRAM\uart.c"
 193  0001  0F01        	mov a,1
 193  0002  00AB        	mov [43],a
 196  0003              #line 196 "F:\SVNRepo\Project\BS82D20A_AOPU_5KEY\USER_PROGRAM\uart.c"
 196  0003  33A9        	set [41].7
 197  0004              #line 197 "F:\SVNRepo\Project\BS82D20A_AOPU_5KEY\USER_PROGRAM\uart.c"
 197  0004  33AA        	set [42].7
 199  0005              #line 199 "F:\SVNRepo\Project\BS82D20A_AOPU_5KEY\USER_PROGRAM\uart.c"
 199  0005  0F00     R  	mov a,low offset _LC0
 199  0006  0080     R  	mov _DebugString_2[0],a
 199  0007  0F00     R  	mov a,high offset _LC0
 199  0008  0080     R  	mov _DebugString_2[1],a
 199  0009  2000     R  	call _DebugString
 199  000A  0003        	ret
 199  000B              _UartInitial endp
 199  000B              #line 199 "F:\SVNRepo\Project\BS82D20A_AOPU_5KEY\USER_PROGRAM\uart.c"
 199  000B              #pragma debug scope 1 1
 199  000B              #pragma debug struct_end
 199  000B              #pragma debug struct_end
 199  000B              #pragma debug union_end
 199  000B              #pragma debug union_end
 199  000B              #pragma debug variable 44 1 ___usr "__usr" 1
 199  000B              #pragma debug struct_end
 199  000B              #pragma debug struct_end
 199  000B              #pragma debug union_end
 199  000B              #pragma debug union_end
 199  000B              #pragma debug variable 46 1 ___ucr1 "__ucr1" 1
 199  000B              #pragma debug struct_end
 199  000B              #pragma debug struct_end
 199  000B              #pragma debug union_end
 199  000B              #pragma debug union_end
 199  000B              #pragma debug variable 48 1 ___ucr2 "__ucr2" 1
 199  000B              #pragma debug struct_end
 199  000B              #pragma debug struct_end
 199  000B              #pragma debug union_end
 199  000B              #pragma debug union_end
 199  000B              #pragma debug variable 50 1 ___brg "__brg" 1
 199  000B              #pragma debug struct_end
 199  000B              #pragma debug struct_end
 199  000B              #pragma debug union_end
 199  000B              #pragma debug union_end
 199  000B              #pragma debug variable 52 1 ___txr_rxr "__txr_rxr" 1
 199  000B              
 199  000B              ; 
 199  000B              ; Generated by holtek-gcc v3.18, Thu Aug 02 09:03:52 2018
 199  000B              ; Rebuild 126
文件：uart.c       编译器版本 HGASM 0202 页次4

 199  000B              ; end of file


        0 Errors, 0